Determining if the pthread_create exist failed with the following output:
Change Dir: /home/aske/AAU/Code/caffe_custom/build/CMakeFiles/CMakeTmp

Run Build Command:"/usr/bin/make" "cmTC_62c21/fast"
/usr/bin/make -f CMakeFiles/cmTC_62c21.dir/build.make CMakeFiles/cmTC_62c21.dir/build
make[1]: Entering directory '/home/aske/AAU/Code/caffe_custom/build/CMakeFiles/CMakeTmp'
Building C object CMakeFiles/cmTC_62c21.dir/CheckSymbolExists.c.o
/usr/bin/cc     -o CMakeFiles/cmTC_62c21.dir/CheckSymbolExists.c.o   -c /home/aske/AAU/Code/caffe_custom/build/CMakeFiles/CMakeTmp/CheckSymbolExists.c
Linking C executable cmTC_62c21
/usr/bin/cmake -E cmake_link_script CMakeFiles/cmTC_62c21.dir/link.txt --verbose=1
/usr/bin/cc       CMakeFiles/cmTC_62c21.dir/CheckSymbolExists.c.o  -o cmTC_62c21 -rdynamic 
CMakeFiles/cmTC_62c21.dir/CheckSymbolExists.c.o: In function `main':
CheckSymbolExists.c:(.text+0x16): undefined reference to `pthread_create'
collect2: error: ld returned 1 exit status
CMakeFiles/cmTC_62c21.dir/build.make:97: recipe for target 'cmTC_62c21' failed
make[1]: *** [cmTC_62c21] Error 1
make[1]: Leaving directory '/home/aske/AAU/Code/caffe_custom/build/CMakeFiles/CMakeTmp'
Makefile:126: recipe for target 'cmTC_62c21/fast' failed
make: *** [cmTC_62c21/fast] Error 2

File /home/aske/AAU/Code/caffe_custom/build/CMakeFiles/CMakeTmp/CheckSymbolExists.c:
/* */
#include <pthread.h>

int main(int argc, char** argv)
{
  (void)argv;
#ifndef pthread_create
  return ((int*)(&pthread_create))[argc];
#else
  (void)argc;
  return 0;
#endif
}

Determining if the function pthread_create exists in the pthreads failed with the following output:
Change Dir: /home/aske/AAU/Code/caffe_custom/build/CMakeFiles/CMakeTmp

Run Build Command:"/usr/bin/make" "cmTC_7162b/fast"
/usr/bin/make -f CMakeFiles/cmTC_7162b.dir/build.make CMakeFiles/cmTC_7162b.dir/build
make[1]: Entering directory '/home/aske/AAU/Code/caffe_custom/build/CMakeFiles/CMakeTmp'
Building C object CMakeFiles/cmTC_7162b.dir/CheckFunctionExists.c.o
/usr/bin/cc    -DCHECK_FUNCTION_EXISTS=pthread_create   -o CMakeFiles/cmTC_7162b.dir/CheckFunctionExists.c.o   -c /usr/share/cmake-3.5/Modules/CheckFunctionExists.c
Linking C executable cmTC_7162b
/usr/bin/cmake -E cmake_link_script CMakeFiles/cmTC_7162b.dir/link.txt --verbose=1
/usr/bin/cc   -DCHECK_FUNCTION_EXISTS=pthread_create    CMakeFiles/cmTC_7162b.dir/CheckFunctionExists.c.o  -o cmTC_7162b -rdynamic -lpthreads 
/usr/bin/ld: cannot find -lpthreads
collect2: error: ld returned 1 exit status
CMakeFiles/cmTC_7162b.dir/build.make:97: recipe for target 'cmTC_7162b' failed
make[1]: *** [cmTC_7162b] Error 1
make[1]: Leaving directory '/home/aske/AAU/Code/caffe_custom/build/CMakeFiles/CMakeTmp'
Makefile:126: recipe for target 'cmTC_7162b/fast' failed
make: *** [cmTC_7162b/fast] Error 2


